Arguments: 
  C:\Program Files\nodejs\node.exe C:\Program Files (x86)\Yarn\bin\yarn.js init -d

PATH: 
  C:\Program Files (x86)\Common Files\Oracle\Java\javapath;C:\Program Files (x86)\VMware\VMware Player\bin\;C:\Program Files\Python310\Scripts\;C:\Program Files\Python310\;C:\Windows\system32;C:\Windows;C:\Windows\System32\Wbem;C:\Windows\System32\WindowsPowerShell\v1.0\;C:\Windows\System32\OpenSSH\;C:\Program Files\Git\cmd;C:\ProgramData\chocolatey\bin;C:\Program Files\nodejs\;C:\Program Files\OpenJDK\openjdk-11.0.15_10\bin;C:\Users\Wesleson Souza\AppData\Local\Android\Sdk\emulator;C:\Users\Wesleson Souza\AppData\Local\Android\Sdk\tools;C:\Users\Wesleson Souza\AppData\Local\Android\Sdk\tools\bin;C:\Users\Wesleson Souza\AppData\Local\Android\Sdk\platform-tools;C:\Users\Wesleson Souza\AppData\Local\Yarn\bin;C:\Program Files\dotnet\;C:\Program Files (x86)\Yarn\bin\;C:\Users\Wesleson Souza\AppData\Local\Microsoft\WindowsApps;C:\Users\Wesleson Souza\AppData\Roaming\npm;C:\Users\Wesleson Souza\AppData\Local\Android\Sdk\emulator;C:\Users\Wesleson Souza\AppData\Local\Android\Sdk\tools;C:\Users\Wesleson Souza\AppData\Local\Android\Sdk\tools\bin;C:\Users\Wesleson Souza\AppData\Local\Android\Sdk\platform-tools;C:\Users\Wesleson Souza\AppData\Local\Yarn\bin;;C:\Users\Wesleson Souza\AppData\Local\Programs\Microsoft VS Code\bin

Yarn version: 
  1.22.19

Node version: 
  16.15.1

Platform: 
  win32 x64

Trace: 
  Error: canceled
      at Interface.<anonymous> (C:\Program Files (x86)\Yarn\lib\cli.js:137150:13)
      at Interface.emit (node:events:527:28)
      at Interface._ttyWrite (node:readline:1081:16)
      at ReadStream.onkeypress (node:readline:288:10)
      at ReadStream.emit (node:events:527:28)
      at emitKeys (node:internal/readline/utils:358:14)
      at emitKeys.next (<anonymous>)
      at ReadStream.onData (node:internal/readline/emitKeypressEvents:61:36)
      at ReadStream.emit (node:events:527:28)
      at addChunk (node:internal/streams/readable:315:12)

npm manifest: 
  No manifest

yarn manifest: 
  No manifest

Lockfile: 
  No lockfile
